Thu, 17 Dec 2015 19:16:13 GMT---Config file has been changed successfully.
Thu, 17 Dec 2015 19:34:52 GMT---Config file has been changed successfully.
Thu, 17 Dec 2015 19:38:46 GMT---Ftp process has been finished.
Thu, 17 Dec 2015 19:41:01 GMT---Ftp process has been finished.
Thu, 17 Dec 2015 19:42:20 GMT---Error Closing FTP connection.
Thu, 17 Dec 2015 19:42:43 GMT---Error Closing FTP connection.
Thu, 17 Dec 2015 19:43:53 GMT---Error Closing FTP connection.
Thu, 17 Dec 2015 19:55:52 GMT---Could not get local file size.
Thu, 17 Dec 2015 19:55:52 GMT---Ftp process has been finished.
Thu, 17 Dec 2015 19:54:43 GMT---Could not get local file size.
Sat, 19 Dec 2015 05:01:54 GMT---Ftp process has been finished.
Sat, 19 Dec 2015 05:02:12 GMT---Start uploading /ftptest.txt with size of 14 bytes
Sat, 19 Dec 2015 05:02:12 GMT---The File ftptest.txt Successfully uploaded.
Sat, 19 Dec 2015 05:02:12 GMT---Ftp process has been finished.
Sat, 19 Dec 2015 05:02:29 GMT---Ftp process has been finished.
Sat, 19 Dec 2015 05:02:37 GMT---Ftp process has been finished.
Sat, 19 Dec 2015 05:02:39 GMT---Ftp process has been finished.
Sat, 19 Dec 2015 05:02:51 GMT---Ftp process has been finished.
Sat, 19 Dec 2015 05:03:53 GMT---Ftp process has been finished.
Sat, 19 Dec 2015 05:05:53 GMT---Ftp process has been finished.
Sat, 19 Dec 2015 05:06:13 GMT---Ftp process has been finished.
Sat, 19 Dec 2015 05:06:41 GMT---Ftp process has been finished.
Sat, 19 Dec 2015 05:07:07 GMT---Ftp process has been finished.
Fri, 25 Dec 2015 11:08:01 GMT---Config file has been changed successfully.
Fri, 25 Dec 2015 11:10:18 GMT---Faild to change config file due to incomplete parameters.
Fri, 25 Dec 2015 11:11:41 GMT---Faild to change config file due to incomplete parameters.
Fri, 25 Dec 2015 11:11:58 GMT---Config file has been changed successfully.
Fri, 25 Dec 2015 11:13:44 GMT---Faild to change config file due to incomplete parameters.
Fri, 25 Dec 2015 11:14:45 GMT---Faild to change config file due to incomplete parameters.
Fri, 25 Dec 2015 11:14:47 GMT---Faild to change config file due to incomplete parameters.
Fri, 25 Dec 2015 11:16:00 GMT---Faild to change config file due to incomplete parameters.
Fri, 25 Dec 2015 11:17:34 GMT---Config file has been changed successfully.
